[  +60 ms] executing: sysctl hw.optional.arm64
[  +10 ms] Exit code 1 from: sysctl hw.optional.arm64
[        ] sysctl: unknown oid 'hw.optional.arm64'
[  +12 ms] Artifact Instance of 'MaterialFonts' is not required, skipping update.
[        ] Artifact Instance of 'GradleWrapper' is not required, skipping update.
[        ] Artifact Instance of 'AndroidGenSnapshotArtifacts' is not required, skipping update.
[        ] Artifact Instance of 'AndroidInternalBuildArtifacts' is not required, skipping update.
[        ] Artifact Instance of 'IOSEngineArtifacts' is not required, skipping update.
[        ] Artifact Instance of 'FlutterWebSdk' is not required, skipping update.
[   +1 ms] Artifact Instance of 'LegacyCanvasKitRemover' is not required, skipping update.
[        ] Artifact Instance of 'FlutterSdk' is not required, skipping update.
[        ] Artifact Instance of 'WindowsEngineArtifacts' is not required, skipping update.
[        ] Artifact Instance of 'MacOSEngineArtifacts' is not required, skipping update.
[        ] Artifact Instance of 'LinuxEngineArtifacts' is not required, skipping update.
[        ] Artifact Instance of 'LinuxFuchsiaSDKArtifacts' is not required, skipping update.
[        ] Artifact Instance of 'MacOSFuchsiaSDKArtifacts' is not required, skipping update.
[        ] Artifact Instance of 'FlutterRunnerSDKArtifacts' is not required, skipping update.
[        ] Artifact Instance of 'FlutterRunnerDebugSymbols' is not required, skipping update.
[        ] Artifact Instance of 'IosUsbArtifacts' is not required, skipping update.
[        ] Artifact Instance of 'IosUsbArtifacts' is not required, skipping update.
[        ] Artifact Instance of 'IosUsbArtifacts' is not required, skipping update.
[        ] Artifact Instance of 'IosUsbArtifacts' is not required, skipping update.
[        ] Artifact Instance of 'IosUsbArtifacts' is not required, skipping update.
[        ] Artifact Instance of 'IosUsbArtifacts' is not required, skipping update.
[        ] Artifact Instance of 'FontSubsetArtifacts' is not required, skipping update.
[        ] Artifact Instance of 'PubDependencies' is not required, skipping update.
[   +1 ms] executing: [/Users/antares/develop/flutter/] git -c log.showSignature=false log HEAD -n 1 --pretty=format:%ad --date=iso
[  +56 ms] Exit code 0 from: git -c log.showSignature=false log HEAD -n 1 --pretty=format:%ad --date=iso
[        ] 2026-01-08 10:49:17 -0800
[  +63 ms] executing: sysctl hw.optional.arm64
[   +9 ms] Exit code 1 from: sysctl hw.optional.arm64
[        ] sysctl: unknown oid 'hw.optional.arm64'
[        ] executing: xcrun xcodebuild -version
[  +17 ms] Exit code 72 from: xcrun xcodebuild -version
[        ] xcrun: error: unable to find utility "xcodebuild", not a developer tool or in PATH
[        ] Xcode not found. Run 'flutter doctor' for more information.
[  +11 ms] Artifact Instance of 'AndroidGenSnapshotArtifacts' is not required, skipping update.
[        ] Artifact Instance of 'AndroidInternalBuildArtifacts' is not required, skipping update.
[        ] Artifact Instance of 'IOSEngineArtifacts' is not required, skipping update.
[        ] Artifact Instance of 'FlutterWebSdk' is not required, skipping update.
[        ] Artifact Instance of 'FlutterEngineStamp' is not required, skipping update.
[        ] Artifact Instance of 'LegacyCanvasKitRemover' is not required, skipping update.
[   +3 ms] Artifact Instance of 'WindowsEngineArtifacts' is not required, skipping update.
[        ] Artifact Instance of 'MacOSEngineArtifacts' is not required, skipping update.
[        ] Artifact Instance of 'LinuxEngineArtifacts' is not required, skipping update.
[        ] Artifact Instance of 'LinuxFuchsiaSDKArtifacts' is not required, skipping update.
[        ] Artifact Instance of 'MacOSFuchsiaSDKArtifacts' is not required, skipping update.
[        ] Artifact Instance of 'FlutterRunnerSDKArtifacts' is not required, skipping update.
[        ] Artifact Instance of 'FlutterRunnerDebugSymbols' is not required, skipping update.
[  +76 ms] executing: /Users/antares/Library/Android/sdk/platform-tools/adb devices -l
[   +3 ms] executing: xcrun xcodebuild -version
[  +14 ms] Exit code 72 from: xcrun xcodebuild -version
[        ] xcrun: error: unable to find utility "xcodebuild", not a developer tool or in PATH
[   +4 ms] executing: xcrun simctl list devices booted
[  +85 ms] List of devices attached
[   +8 ms] Artifact Instance of 'AndroidGenSnapshotArtifacts' is not required, skipping update.
[        ] Artifact Instance of 'AndroidInternalBuildArtifacts' is not required, skipping update.
[        ] Artifact Instance of 'IOSEngineArtifacts' is not required, skipping update.
[   +1 ms] Artifact Instance of 'FlutterEngineStamp' is not required, skipping update.
[   +3 ms] Artifact Instance of 'WindowsEngineArtifacts' is not required, skipping update.
[   +2 ms] Artifact Instance of 'LinuxEngineArtifacts' is not required, skipping update.
[        ] Artifact Instance of 'LinuxFuchsiaSDKArtifacts' is not required, skipping update.
[        ] Artifact Instance of 'MacOSFuchsiaSDKArtifacts' is not required, skipping update.
[        ] Artifact Instance of 'FlutterRunnerSDKArtifacts' is not required, skipping update.
[        ] Artifact Instance of 'FlutterRunnerDebugSymbols' is not required, skipping update.
[  +29 ms] executing: xcrun xcodebuild -version
[  +15 ms] Exit code 72 from: xcrun xcodebuild -version
[        ] xcrun: error: unable to find utility "xcodebuild", not a developer tool or in PATH
[  +21 ms] Checking for wireless devices...
[   +8 ms] Connected devices:
[   +2 ms] executing: sw_vers -productName
[  +25 ms] Exit code 0 from: sw_vers -productName
[        ] macOS
[        ] executing: sw_vers -productVersion
[  +24 ms] Exit code 0 from: sw_vers -productVersion
[        ] 15.7.3
[        ] executing: sw_vers -buildVersion
[  +23 ms] Exit code 0 from: sw_vers -buildVersion
[        ] 24G419
[        ] executing: uname -m
[   +7 ms] Exit code 0 from: uname -m
[        ] x86_64
[ +361 ms] macOS (desktop) • macos  • darwin-x64     • macOS 15.7.3 24G419 darwin-x64
[        ] Chrome (web)    • chrome • web-javascript • Google Chrome 144.0.7559.133
[        ] [1]: macOS (macos)
[        ] [2]: Chrome (chrome)
[   +1 ms] Please choose one (or "q" to quit)
[        ] : 
[+184059 ms] Running 2 shutdown hooks
[   +1 ms] Shutdown hooks complete
[ +265 ms] exiting with code 0
